2023-10-01 22:51:22 Pacific/Honolulu - Transmitters activated
2023-10-02 00:32:51 US/Pacific - Receiver 5 up
2023-10-02 00:33:45 America/Vancouver - Preprocessor up
2023-10-02 00:52:22 America/Creston - Object detected in depth 65 (0x41)
2023-10-02 01:30:48 America/Belize - Power generator up
2023-10-02 01:34:28 America/Inuvik - Graphical UI up
2023-10-02 01:34:59 America/Mazatlan - Transmitters activated
2023-10-02 01:42:58 Mexico/BajaSur - Transmitters activated
2023-10-02 01:49:54 US/Pacific - Object detected in depth 114 (0x72)
2023-10-02 01:51:29 America/Sitka - Transmitters activated
2023-10-02 01:52:21 America/Edmonton - Transmitters activated
2023-10-02 01:59:01 America/Edmonton - Object detected in depth 71 (0x47)
2023-10-02 02:31:52 America/Chicago - Transmitter 3 down... retry
2023-10-02 02:51:10 America/Inuvik - Object detected in depth 98 (0x62)
2023-10-02 02:51:23 America/Mazatlan - Object detected in depth 106 (0x6a)
2023-10-02 03:30:22 America/St_Barthelemy - Copyright 2003-2023 CESNET, a.l.e.
2023-10-02 03:30:59 America/St_Kitts - Transmitter 1 up
2023-10-02 03:32:04 America/Dominica - Transmitter 4 up
2023-10-02 03:32:48 America/Kentucky/Monticello - Receiver 4 up
2023-10-02 03:33:25 America/Mazatlan - Transmitters activated
2023-10-02 03:34:41 America/Kralendijk - Telepathic UI up
2023-10-02 03:35:00 America/St_Barthelemy - Object detected in depth 70 (0x46)
2023-10-02 03:59:00 US/Michigan - Transmitters activated
2023-10-02 03:59:05 America/Boise - Transmitters down
2023-10-02 04:06:09 America/Indiana/Winamac - Object detected in depth 123 (0x7b)
2023-10-02 04:30:37 Atlantic/Bermuda - All Rights Reserved
2023-10-02 04:33:27 Canada/Atlantic - Data collector up
2023-10-02 04:35:00 US/Central - Object detected in depth 119 (0x77)
2023-10-02 04:38:34 America/Indiana/Indianapolis - Transmitters activated
2023-10-02 04:44:03 America/Jamaica - Transmitters activated
2023-10-02 04:44:04 EST - Object detected in depth 109 (0x6d)
2023-10-02 04:44:40 America/Lower_Princes - Object detected in depth 50 (0x32)
2023-10-02 04:49:53 America/Grand_Turk - Transmitters activated
2023-10-02 04:57:15 America/Panama - Break required (AI is tired)
2023-10-02 04:57:21 US/Central - Unmaskable interrupt
2023-10-02 05:05:52 America/Dominica - Transmitters activated
2023-10-02 05:12:42 America/Thunder_Bay - Object detected in depth 87 (0x57)
2023-10-02 05:21:10 America/Antigua - Transmitters activated
2023-10-02 05:26:16 Canada/Eastern - Transmitters activated
2023-10-02 05:33:26 America/Kralendijk - Object detected in depth 76 (0x4c)
2023-10-02 07:27:43 America/St_Johns - CLI down
2023-10-02 07:30:20 Atlantic/St_Helena - CESNET DWSS (Deep Water Sonar System 2.0.173)
2023-10-02 07:30:46 Etc/UTC - Booting sequence initiated
2023-10-02 07:31:17 UTC - Transmitter 2 up
2023-10-02 07:31:19 Africa/Accra - Transmitter 3 down... retry
2023-10-02 07:31:39 Africa/Lome - Transmitter 3 down... retry
2023-10-02 08:16:43 Etc/GMT - Transmitters activated
2023-10-02 08:20:15 GMT0 - Object detected in depth 89 (0x59)
2023-10-02 08:32:22 Atlantic/Canary - Receiver 1 up
2023-10-02 09:20:14 Africa/Bangui - Transmitters activated
2023-10-02 09:31:32 Africa/Johannesburg - Transmitter 3 down... retry
2023-10-02 09:32:00 Europe/Sarajevo - Transmitter 3 up
2023-10-02 09:32:35 Africa/Maputo - Receiver 2 up
2023-10-02 09:33:17 Europe/Busingen - Receiver 7 up
2023-10-02 09:33:19 Europe/Amsterdam - Receiver 8 up
2023-10-02 09:33:50 Europe/Vaduz - AI core up
2023-10-02 09:34:14 Arctic/Longyearbyen - Commandline UI up
2023-10-02 09:34:48 Europe/Monaco - DWSS online
2023-10-02 09:34:59 Africa/Sao_Tome - Transmitters activated
2023-10-02 09:39:09 Africa/Freetown - Transmitters activated
2023-10-02 09:39:10 Africa/Banjul - Object detected in depth 87 (0x57)
2023-10-02 09:42:59 Europe/Skopje - Object detected in depth 76 (0x4c)
2023-10-02 09:51:09 Africa/Lagos - Transmitters activated
2023-10-02 09:57:19 Africa/Douala - Transmitters activated
2023-10-02 09:57:59 GMT-0 - GUI down
2023-10-02 09:58:06 Africa/Bamako - TUI down
2023-10-02 09:58:41 GMT+0 - Receivers down
2023-10-02 10:16:44 Europe/Belgrade - Object detected in depth 51 (0x33)
2023-10-02 10:26:17 Africa/Tunis - Object detected in depth 90 (0x5a)
2023-10-02 10:33:11 Asia/Damascus - Receiver 6 up
2023-10-02 10:34:04 Israel - AI self assessment: efective team, high spirits
2023-10-02 10:44:39 Europe/Vienna - Transmitters activated
2023-10-02 10:51:30 Europe/Lisbon - Object detected in depth 125 (0x7d)
2023-10-02 11:32:17 MET - Transmitters activated
2023-10-02 11:40:54 Asia/Gaza - Transmitters activated
2023-10-02 11:57:20 Asia/Hebron - Object detected in depth 45 (0x2d)
2023-10-02 11:57:33 Europe/Rome - System shutting down
2023-10-02 11:59:35 Europe/Kaliningrad - PG down
2023-10-02 12:12:41 Indian/Antananarivo - Transmitters activated
2023-10-02 12:21:11 Asia/Hebron - Object detected in depth 111 (0x6f)
2023-10-02 12:32:18 Europe/Zaporozhye - Object detected in depth 45 (0x2d)
2023-10-02 12:58:12 Africa/Kampala - AI down
2023-10-02 12:58:35 Europe/Bucharest - Data collector down
2023-10-02 16:29:11 Australia/West - Transmitters activated
2023-10-02 16:29:12 Asia/Macau - Object detected in depth 65 (0x41)
2023-10-02 16:40:55 Australia/Perth - Object detected in depth 45 (0x2d)
2023-10-02 17:05:53 Asia/Taipei - Object detected in depth 75 (0x4b)
2023-10-02 17:06:08 Asia/Tokyo - Transmitters activated
2023-10-02 18:32:47 Australia/Victoria - Receiver 3 up
2023-10-02 19:38:35 Australia/Sydney - Object detected in depth 71 (0x47)
2023-10-02 19:58:26 Pacific/Guam - Preprocessor down
2023-10-02 22:59:48 NZ - DWSS offline
